{
  "RSpec": {
    "coverage": {
      "/home/hubert/intern/demo_1/masothue_demo/app/models/user.rb": {
        "lines": [
          1,
          null,
          null,
          1,
          null,
          null
        ]
      },
      "/home/hubert/intern/demo_1/masothue_demo/app/models/application_record.rb": {
        "lines": [
          1,
          1,
          null
        ]
      },
      "/home/hubert/intern/demo_1/masothue_demo/app/helpers/admin_helper.rb": {
        "lines": [
          1,
          null
        ]
      },
      "/home/hubert/intern/demo_1/masothue_demo/app/helpers/admin/base_helper.rb": {
        "lines": [
          1,
          null
        ]
      },
      "/home/hubert/intern/demo_1/masothue_demo/app/helpers/admin/business_areas_helper.rb": {
        "lines": [
          1,
          1,
          null
        ]
      },
      "/home/hubert/intern/demo_1/masothue_demo/app/helpers/admin/companies_helper.rb": {
        "lines": [
          1,
          null
        ]
      },
      "/home/hubert/intern/demo_1/masothue_demo/app/helpers/admin/company_types_helper.rb": {
        "lines": [
          1,
          null
        ]
      },
      "/home/hubert/intern/demo_1/masothue_demo/app/helpers/admin/districts_helper.rb": {
        "lines": [
          1,
          null
        ]
      },
      "/home/hubert/intern/demo_1/masothue_demo/app/helpers/admin/people_helper.rb": {
        "lines": [
          1,
          null
        ]
      },
      "/home/hubert/intern/demo_1/masothue_demo/app/helpers/admin/represents_helper.rb": {
        "lines": [
          1,
          null
        ]
      },
      "/home/hubert/intern/demo_1/masothue_demo/app/helpers/admin/shared_helper.rb": {
        "lines": [
          1,
          1,
          0,
          0,
          0,
          0,
          null,
          0,
          0,
          0,
          0,
          null,
          null,
          0,
          0,
          null,
          0,
          null,
          null,
          null
        ]
      },
      "/home/hubert/intern/demo_1/masothue_demo/app/helpers/admin/tax_codes_helper.rb": {
        "lines": [
          1,
          null
        ]
      },
      "/home/hubert/intern/demo_1/masothue_demo/app/helpers/admin/wards_helper.rb": {
        "lines": [
          1,
          null
        ]
      },
      "/home/hubert/intern/demo_1/masothue_demo/app/helpers/application_helper.rb": {
        "lines": [
          1,
          1,
          null
        ]
      },
      "/home/hubert/intern/demo_1/masothue_demo/app/helpers/business_areas_helper.rb": {
        "lines": [
          1,
          null
        ]
      },
      "/home/hubert/intern/demo_1/masothue_demo/app/helpers/cities_helper.rb": {
        "lines": [
          1,
          null
        ]
      },
      "/home/hubert/intern/demo_1/masothue_demo/app/helpers/company_types_helper.rb": {
        "lines": [
          1,
          null
        ]
      },
      "/home/hubert/intern/demo_1/masothue_demo/app/helpers/contacts_helper.rb": {
        "lines": [
          1,
          null
        ]
      },
      "/home/hubert/intern/demo_1/masothue_demo/app/helpers/errors_helper.rb": {
        "lines": [
          1,
          null
        ]
      },
      "/home/hubert/intern/demo_1/masothue_demo/app/helpers/main_helper.rb": {
        "lines": [
          1,
          null
        ]
      },
      "/home/hubert/intern/demo_1/masothue_demo/app/helpers/newly_established_helper.rb": {
        "lines": [
          1,
          null
        ]
      },
      "/home/hubert/intern/demo_1/masothue_demo/app/helpers/status_helper.rb": {
        "lines": [
          1,
          null
        ]
      },
      "/home/hubert/intern/demo_1/masothue_demo/app/helpers/tax_code_personal_helper.rb": {
        "lines": [
          1,
          null
        ]
      },
      "/home/hubert/intern/demo_1/masothue_demo/app/models/business_area.rb": {
        "lines": [
          1,
          1,
          1,
          null
        ]
      },
      "/home/hubert/intern/demo_1/masothue_demo/app/models/city.rb": {
        "lines": [
          1,
          1,
          1,
          1,
          null,
          1,
          null
        ]
      },
      "/home/hubert/intern/demo_1/masothue_demo/app/models/company.rb": {
        "lines": [
          1,
          1,
          1,
          1,
          1,
          1,
          1,
          1,
          1,
          null,
          1,
          1,
          1,
          null,
          1,
          null,
          1,
          16,
          null,
          16,
          96,
          null,
          null,
          null
        ]
      },
      "/home/hubert/intern/demo_1/masothue_demo/app/models/company_type.rb": {
        "lines": [
          1,
          1,
          1,
          null
        ]
      },
      "/home/hubert/intern/demo_1/masothue_demo/app/models/contact.rb": {
        "lines": [
          1,
          1,
          null
        ]
      },
      "/home/hubert/intern/demo_1/masothue_demo/app/models/district.rb": {
        "lines": [
          1,
          1,
          1,
          1,
          1,
          null
        ]
      },
      "/home/hubert/intern/demo_1/masothue_demo/app/models/person.rb": {
        "lines": [
          1,
          1,
          1,
          1,
          1,
          1,
          null,
          1,
          null,
          1,
          1,
          1,
          1,
          null,
          1,
          null,
          1,
          15,
          null,
          15,
          75,
          null,
          null,
          null
        ]
      },
      "/home/hubert/intern/demo_1/masothue_demo/app/models/represent.rb": {
        "lines": [
          1,
          1,
          1,
          null
        ]
      },
      "/home/hubert/intern/demo_1/masothue_demo/app/models/status.rb": {
        "lines": [
          1,
          1,
          1,
          null
        ]
      },
      "/home/hubert/intern/demo_1/masothue_demo/app/models/tax_code.rb": {
        "lines": [
          1,
          1,
          1,
          1,
          null
        ]
      },
      "/home/hubert/intern/demo_1/masothue_demo/app/models/ward.rb": {
        "lines": [
          1,
          1,
          1,
          1,
          null
        ]
      },
      "/home/hubert/intern/demo_1/masothue_demo/app/channels/application_cable/channel.rb": {
        "lines": [
          0,
          0,
          0,
          0
        ],
        "branches": {
        }
      },
      "/home/hubert/intern/demo_1/masothue_demo/app/channels/application_cable/connection.rb": {
        "lines": [
          0,
          0,
          0,
          0
        ],
        "branches": {
        }
      },
      "/home/hubert/intern/demo_1/masothue_demo/app/controllers/admin/base_controller.rb": {
        "lines": [
          0,
          0,
          0,
          null,
          0,
          null,
          0,
          null,
          0,
          0,
          0,
          0
        ],
        "branches": {
        }
      },
      "/home/hubert/intern/demo_1/masothue_demo/app/controllers/admin/business_areas_controller.rb": {
        "lines": [
          0,
          0,
          null,
          0,
          null,
          0,
          0,
          0,
          null,
          0,
          null,
          0,
          0,
          0,
          0,
          0,
          0,
          null,
          0,
          0,
          0,
          0,
          null,
          0,
          0,
          0,
          0,
          null,
          0,
          0,
          0,
          0,
          0,
          0,
          0,
          0,
          0,
          null,
          0,
          0,
          0,
          null,
          0,
          0,
          0,
          0,
          0,
          0,
          0,
          0,
          null,
          0,
          0,
          0,
          0,
          0,
          null,
          0,
          0,
          0,
          null,
          0,
          null,
          0,
          0,
          0,
          0
        ],
        "branches": {
        }
      },
      "/home/hubert/intern/demo_1/masothue_demo/app/controllers/admin/companies_controller.rb": {
        "lines": [
          0,
          0,
          null,
          0,
          0,
          0,
          null,
          0,
          0,
          null,
          0,
          null,
          0,
          null,
          0,
          null,
          0,
          0,
          0,
          0,
          0,
          0,
          null,
          0,
          0,
          null,
          0,
          null,
          0,
          null,
          0,
          null,
          0,
          0,
          null,
          0,
          0,
          0,
          0,
          null,
          0,
          0,
          0,
          0,
          0,
          0,
          0,
          0,
          0,
          null,
          0,
          0,
          0,
          null,
          0,
          0,
          0,
          0,
          0,
          0,
          0,
          0,
          null,
          0,
          0,
          0,
          0,
          0,
          null,
          0,
          0,
          0,
          0,
          0,
          0,
          0,
          null,
          0,
          0,
          0,
          null,
          0,
          0,
          0,
          0,
          null,
          0,
          null,
          0,
          0,
          0,
          0,
          0,
          0,
          0,
          0,
          0,
          0,
          0,
          0,
          0,
          0,
          0,
          0,
          0,
          0
        ],
        "branches": {
        }
      },
      "/home/hubert/intern/demo_1/masothue_demo/app/controllers/admin/company_types_controller.rb": {
        "lines": [
          0,
          0,
          null,
          0,
          0,
          null,
          0,
          0,
          0,
          null,
          0,
          0,
          0,
          null,
          0,
          null,
          0,
          0,
          0,
          0,
          0,
          0,
          0,
          0,
          0
        ],
        "branches": {
        }
      },
      "/home/hubert/intern/demo_1/masothue_demo/app/controllers/admin/contacts_controller.rb": {
        "lines": [
          0,
          0,
          null,
          0,
          0,
          0,
          0,
          null,
          0,
          0,
          0,
          0,
          0,
          0,
          0
        ],
        "branches": {
        }
      },
      "/home/hubert/intern/demo_1/masothue_demo/app/controllers/admin/districts_controller.rb": {
        "lines": [
          0,
          0,
          0,
          0,
          0,
          0,
          0,
          0
        ],
        "branches": {
        }
      },
      "/home/hubert/intern/demo_1/masothue_demo/app/controllers/admin/people_controller.rb": {
        "lines": [
          0,
          0,
          null,
          0,
          0,
          0,
          null,
          0,
          0,
          null,
          0,
          null,
          0,
          null,
          0,
          null,
          0,
          0,
          0,
          0,
          0,
          0,
          null,
          0,
          0,
          null,
          0,
          null,
          0,
          null,
          0,
          0,
          0,
          null,
          0,
          0,
          0,
          0,
          null,
          0,
          0,
          0,
          0,
          0,
          0,
          0,
          0,
          0,
          null,
          0,
          0,
          0,
          null,
          0,
          0,
          0,
          0,
          0,
          0,
          0,
          0,
          null,
          0,
          0,
          0,
          0,
          0,
          null,
          0,
          0,
          0,
          null,
          0,
          0,
          0,
          0,
          0,
          null,
          0,
          null,
          0,
          0,
          0,
          null,
          0,
          0,
          0,
          0,
          0
        ],
        "branches": {
        }
      },
      "/home/hubert/intern/demo_1/masothue_demo/app/controllers/admin/represents_controller.rb": {
        "lines": [
          0,
          0,
          null,
          0,
          0,
          0,
          0,
          null,
          0,
          0,
          0,
          0,
          0,
          0,
          0,
          0,
          0,
          0,
          null,
          0,
          null,
          0,
          0,
          0,
          0,
          0,
          0,
          0
        ],
        "branches": {
        }
      },
      "/home/hubert/intern/demo_1/masothue_demo/app/controllers/admin/tax_codes_controller.rb": {
        "lines": [
          0,
          0,
          null,
          0,
          null,
          0,
          null,
          0,
          0,
          0,
          null,
          0,
          null,
          0,
          0,
          0,
          0,
          0,
          0,
          null,
          0,
          0,
          0,
          0,
          0,
          0,
          null,
          0,
          0,
          0,
          0,
          null,
          0,
          0,
          0,
          0,
          null,
          0,
          0,
          0,
          0,
          null,
          0,
          0,
          0,
          0,
          0,
          0,
          0,
          0,
          0,
          0,
          0,
          null,
          0,
          0,
          0,
          0,
          0,
          0,
          null,
          0,
          0,
          0,
          null,
          0,
          0,
          0,
          null,
          0,
          null,
          0,
          0,
          0,
          0
        ],
        "branches": {
        }
      },
      "/home/hubert/intern/demo_1/masothue_demo/app/controllers/admin/wards_controller.rb": {
        "lines": [
          0,
          0,
          0,
          0,
          0,
          0,
          0,
          0
        ],
        "branches": {
        }
      },
      "/home/hubert/intern/demo_1/masothue_demo/app/controllers/application_controller.rb": {
        "lines": [
          0,
          0,
          0,
          null,
          0,
          null,
          0,
          null,
          0,
          0,
          0,
          null,
          0,
          0,
          0,
          0,
          0
        ],
        "branches": {
        }
      },
      "/home/hubert/intern/demo_1/masothue_demo/app/controllers/business_areas_controller.rb": {
        "lines": [
          0,
          0,
          null,
          0,
          0,
          0,
          0,
          null,
          0,
          0,
          0,
          0,
          0,
          0,
          null,
          0,
          null,
          0,
          0,
          0,
          null,
          0,
          0,
          0,
          0,
          0,
          0,
          0,
          0
        ],
        "branches": {
        }
      },
      "/home/hubert/intern/demo_1/masothue_demo/app/controllers/cities_controller.rb": {
        "lines": [
          0,
          0,
          null,
          0,
          0,
          0,
          null,
          0,
          0,
          0,
          0,
          0,
          0,
          0,
          0,
          0,
          0,
          0,
          null,
          0,
          0,
          0,
          0,
          0,
          0,
          0,
          0,
          0,
          0,
          0,
          null,
          0,
          0,
          0,
          0,
          0,
          0,
          0,
          0,
          0,
          0,
          0,
          0,
          0,
          null,
          0,
          null,
          0,
          0,
          0,
          null,
          0,
          0,
          0,
          0,
          0,
          0,
          0
        ],
        "branches": {
        }
      },
      "/home/hubert/intern/demo_1/masothue_demo/app/controllers/company_types_controller.rb": {
        "lines": [
          0,
          0,
          null,
          0,
          0,
          0,
          0,
          null,
          0,
          0,
          0,
          0,
          0,
          0,
          null,
          0,
          null,
          0,
          0,
          0,
          null,
          0,
          0,
          0,
          0,
          0,
          0,
          0,
          0
        ],
        "branches": {
        }
      },
      "/home/hubert/intern/demo_1/masothue_demo/app/controllers/contacts_controller.rb": {
        "lines": [
          0,
          0,
          0,
          0,
          0,
          null,
          0,
          0,
          null,
          0,
          0,
          0,
          0,
          0,
          0,
          0,
          null,
          0,
          null,
          0,
          0,
          0,
          0,
          0,
          0,
          0,
          null,
          0,
          0,
          0,
          0,
          0,
          0,
          0
        ],
        "branches": {
        }
      },
      "/home/hubert/intern/demo_1/masothue_demo/app/controllers/errors_controller.rb": {
        "lines": [
          0,
          0,
          0,
          0,
          null,
          0,
          0,
          0,
          0
        ],
        "branches": {
        }
      },
      "/home/hubert/intern/demo_1/masothue_demo/app/controllers/main_controller.rb": {
        "lines": [
          0,
          0,
          null,
          0,
          0,
          0,
          null,
          0,
          0,
          0,
          0,
          null,
          0,
          0,
          0,
          0,
          null,
          0,
          null,
          0,
          null,
          0,
          0,
          0,
          0,
          0,
          0,
          0,
          0,
          null,
          0,
          0,
          0,
          0,
          null,
          0,
          0,
          null,
          0,
          0,
          0,
          0,
          0,
          0,
          null,
          0,
          null,
          0,
          0,
          0,
          0,
          0,
          0,
          0,
          null,
          0,
          0,
          0,
          0,
          0,
          null,
          0,
          null,
          0,
          0,
          0,
          0
        ],
        "branches": {
        }
      },
      "/home/hubert/intern/demo_1/masothue_demo/app/controllers/newly_established_controller.rb": {
        "lines": [
          0,
          0,
          0,
          0,
          null,
          0,
          0,
          0,
          0,
          0,
          0
        ],
        "branches": {
        }
      },
      "/home/hubert/intern/demo_1/masothue_demo/app/controllers/passwords_controller.rb": {
        "lines": [
          0,
          0,
          0
        ],
        "branches": {
        }
      },
      "/home/hubert/intern/demo_1/masothue_demo/app/controllers/registrations_controller.rb": {
        "lines": [
          0,
          0,
          0
        ],
        "branches": {
        }
      },
      "/home/hubert/intern/demo_1/masothue_demo/app/controllers/sessions_controller.rb": {
        "lines": [
          0,
          0,
          0
        ],
        "branches": {
        }
      },
      "/home/hubert/intern/demo_1/masothue_demo/app/controllers/status_controller.rb": {
        "lines": [
          0,
          0,
          null,
          0,
          0,
          0,
          0,
          null,
          0,
          0,
          0,
          0,
          null,
          0,
          0,
          null,
          0,
          null,
          0,
          0,
          0,
          null,
          0,
          0,
          0,
          0,
          0,
          0,
          0,
          0
        ],
        "branches": {
        }
      },
      "/home/hubert/intern/demo_1/masothue_demo/app/controllers/tax_code_personal_controller.rb": {
        "lines": [
          0,
          0,
          0,
          0,
          null,
          0,
          0,
          null,
          0,
          0,
          0,
          0,
          0,
          0,
          0,
          null,
          0,
          null,
          0,
          0,
          0,
          0,
          0,
          0,
          0
        ],
        "branches": {
        }
      },
      "/home/hubert/intern/demo_1/masothue_demo/app/jobs/application_job.rb": {
        "lines": [
          0,
          null,
          null,
          null,
          null,
          null,
          0
        ],
        "branches": {
        }
      },
      "/home/hubert/intern/demo_1/masothue_demo/app/mailers/application_mailer.rb": {
        "lines": [
          0,
          0,
          0,
          0
        ],
        "branches": {
        }
      },
      "/home/hubert/intern/demo_1/masothue_demo/app/policies/application_policy.rb": {
        "lines": [
          null,
          null,
          0,
          0,
          null,
          0,
          0,
          0,
          0,
          null,
          0,
          0,
          0,
          null,
          0,
          0,
          0,
          null,
          0,
          0,
          0,
          null,
          0,
          0,
          0,
          null,
          0,
          0,
          0,
          null,
          0,
          0,
          0,
          null,
          0,
          0,
          0,
          null,
          0,
          0,
          0,
          0,
          0,
          null,
          0,
          0,
          0,
          null,
          0,
          null,
          0,
          0,
          0
        ],
        "branches": {
        }
      },
      "/home/hubert/intern/demo_1/masothue_demo/app/policies/business_area_policy.rb": {
        "lines": [
          0,
          0,
          null,
          null,
          null,
          null,
          0,
          null,
          0,
          0,
          0,
          null,
          0,
          0,
          0,
          null,
          0,
          0,
          0,
          null,
          0,
          0,
          0,
          null,
          0,
          0,
          0,
          null,
          0,
          0,
          0,
          0
        ],
        "branches": {
        }
      },
      "/home/hubert/intern/demo_1/masothue_demo/app/policies/company_policy.rb": {
        "lines": [
          0,
          0,
          null,
          null,
          null,
          null,
          0,
          null,
          0,
          0,
          0,
          null,
          0,
          0,
          0,
          null,
          0,
          0,
          0,
          null,
          0,
          0,
          0,
          null,
          0,
          0,
          0,
          null,
          0,
          0,
          0,
          0
        ],
        "branches": {
        }
      },
      "/home/hubert/intern/demo_1/masothue_demo/app/policies/company_type_policy.rb": {
        "lines": [
          0,
          0,
          null,
          null,
          null,
          null,
          0,
          null,
          0,
          0,
          0,
          0
        ],
        "branches": {
        }
      },
      "/home/hubert/intern/demo_1/masothue_demo/app/policies/contact_policy.rb": {
        "lines": [
          0,
          0,
          null,
          null,
          null,
          null,
          0,
          null,
          0,
          0,
          0,
          null,
          0,
          0,
          0,
          0
        ],
        "branches": {
        }
      },
      "/home/hubert/intern/demo_1/masothue_demo/app/policies/person_policy.rb": {
        "lines": [
          0,
          0,
          null,
          null,
          null,
          null,
          0,
          null,
          0,
          0,
          0,
          null,
          0,
          0,
          0,
          null,
          0,
          0,
          0,
          null,
          0,
          0,
          0,
          null,
          0,
          0,
          0,
          null,
          0,
          0,
          0,
          0
        ],
        "branches": {
        }
      },
      "/home/hubert/intern/demo_1/masothue_demo/app/policies/represent_policy.rb": {
        "lines": [
          0,
          0,
          null,
          null,
          null,
          null,
          0,
          null,
          0,
          0,
          0,
          null,
          0,
          0,
          0,
          0
        ],
        "branches": {
        }
      },
      "/home/hubert/intern/demo_1/masothue_demo/app/policies/tax_code_policy.rb": {
        "lines": [
          0,
          0,
          null,
          null,
          null,
          null,
          0,
          null,
          0,
          0,
          0,
          null,
          0,
          0,
          0,
          null,
          0,
          0,
          0,
          null,
          0,
          0,
          0,
          null,
          0,
          0,
          0,
          null,
          0,
          0,
          0,
          0
        ],
        "branches": {
        }
      },
      "/home/hubert/intern/demo_1/masothue_demo/app/services/data_crawler_service.rb": {
        "lines": [
          0,
          0,
          null,
          0,
          0,
          null,
          0,
          0,
          0,
          null,
          0,
          0,
          0,
          null,
          0,
          null,
          0,
          0,
          0,
          0,
          0,
          0,
          0,
          0,
          0,
          0,
          null,
          0,
          0,
          0,
          0,
          0,
          0,
          0,
          0,
          0,
          0,
          null,
          0,
          0,
          0,
          0,
          0,
          0,
          0,
          0,
          0,
          0,
          null,
          0,
          0,
          0,
          0,
          0,
          null,
          0,
          0,
          0,
          0,
          null,
          0,
          0,
          0,
          0,
          0,
          0,
          0,
          0,
          null,
          0,
          0,
          0,
          0,
          0,
          0,
          null,
          0,
          0,
          0,
          null,
          0,
          0,
          null,
          0,
          0,
          0,
          null,
          0,
          0,
          0,
          null,
          0,
          0,
          0,
          null,
          0,
          0,
          0,
          null,
          0,
          0,
          null,
          0,
          0,
          null,
          0,
          0,
          null,
          0,
          null,
          0,
          0,
          0,
          null,
          0,
          0,
          0,
          0,
          0,
          0,
          0,
          0,
          0,
          0,
          0,
          0,
          null,
          0,
          0,
          0,
          0,
          0,
          0,
          0,
          0,
          0,
          0,
          0,
          0,
          0,
          0,
          0,
          0,
          0,
          null,
          0,
          0,
          0,
          null,
          0,
          0,
          0,
          null,
          0,
          null,
          0,
          0,
          0,
          null,
          0,
          0,
          null,
          0,
          0,
          null,
          0,
          0,
          null,
          0,
          null,
          0,
          0,
          0,
          null,
          0,
          0,
          0,
          0,
          0,
          0,
          0,
          0,
          0,
          null,
          0,
          0,
          0,
          0,
          0,
          0,
          0,
          0,
          0,
          0,
          0,
          0,
          0,
          0,
          0
        ],
        "branches": {
        }
      }
    },
    "timestamp": 1692630184
  }
}
